{"/Users/daviddimaria/work/conduit/js-libp2p-webrtc/src/error.ts":{"path":"/Users/daviddimaria/work/conduit/js-libp2p-webrtc/src/error.ts","all":false,"statementMap":{"0":{"start":{"line":1,"column":0},"end":{"line":1,"column":0}}},"s":{"0":1},"branchMap":{},"b":{},"fnMap":{},"f":{}},"/Users/daviddimaria/work/conduit/js-libp2p-webrtc/src/sdp.ts":{"path":"/Users/daviddimaria/work/conduit/js-libp2p-webrtc/src/sdp.ts","all":false,"statementMap":{"0":{"start":{"line":1,"column":0},"end":{"line":1,"column":0}}},"s":{"0":1},"branchMap":{},"b":{},"fnMap":{},"f":{}},"/Users/daviddimaria/work/conduit/js-libp2p-webrtc/proto_ts/message.ts":{"path":"/Users/daviddimaria/work/conduit/js-libp2p-webrtc/proto_ts/message.ts","all":false,"statementMap":{"0":{"start":{"line":1,"column":0},"end":{"line":1,"column":0}}},"s":{"0":1},"branchMap":{},"b":{},"fnMap":{},"f":{}},"/Users/daviddimaria/work/conduit/js-libp2p-webrtc/src/stream.ts":{"path":"/Users/daviddimaria/work/conduit/js-libp2p-webrtc/src/stream.ts","all":false,"statementMap":{"0":{"start":{"line":1,"column":0},"end":{"line":1,"column":0}}},"s":{"0":1},"branchMap":{},"b":{},"fnMap":{},"f":{}},"/Users/daviddimaria/work/conduit/js-libp2p-webrtc/src/util.ts":{"path":"/Users/daviddimaria/work/conduit/js-libp2p-webrtc/src/util.ts","all":false,"statementMap":{"0":{"start":{"line":1,"column":0},"end":{"line":1,"column":0}}},"s":{"0":1},"branchMap":{},"b":{},"fnMap":{},"f":{}},"/Users/daviddimaria/work/conduit/js-libp2p-webrtc/src/maconn.ts":{"path":"/Users/daviddimaria/work/conduit/js-libp2p-webrtc/src/maconn.ts","all":false,"statementMap":{"0":{"start":{"line":1,"column":0},"end":{"line":1,"column":0}}},"s":{"0":1},"branchMap":{},"b":{},"fnMap":{},"f":{}},"/Users/daviddimaria/work/conduit/js-libp2p-webrtc/src/muxer.ts":{"path":"/Users/daviddimaria/work/conduit/js-libp2p-webrtc/src/muxer.ts","all":false,"statementMap":{"0":{"start":{"line":1,"column":0},"end":{"line":1,"column":0}}},"s":{"0":1},"branchMap":{},"b":{},"fnMap":{},"f":{}},"/Users/daviddimaria/work/conduit/js-libp2p-webrtc/src/options.ts":{"path":"/Users/daviddimaria/work/conduit/js-libp2p-webrtc/src/options.ts","all":false,"statementMap":{"0":{"start":{"line":1,"column":0},"end":{"line":1,"column":0}}},"s":{"0":1},"branchMap":{},"b":{},"fnMap":{},"f":{}},"/Users/daviddimaria/work/conduit/js-libp2p-webrtc/src/transport.ts":{"path":"/Users/daviddimaria/work/conduit/js-libp2p-webrtc/src/transport.ts","all":false,"statementMap":{"0":{"start":{"line":1,"column":0},"end":{"line":1,"column":0}}},"s":{"0":1},"branchMap":{},"b":{},"fnMap":{},"f":{}},"/Users/daviddimaria/work/conduit/js-libp2p-webrtc/src/index.ts":{"path":"/Users/daviddimaria/work/conduit/js-libp2p-webrtc/src/index.ts","all":false,"statementMap":{"0":{"start":{"line":1,"column":0},"end":{"line":1,"column":0}}},"s":{"0":1},"branchMap":{},"b":{},"fnMap":{},"f":{}}}